<?xml version="1.0" encoding="UTF-8"?>
<!-- Generated by org.testng.reporters.JUnitReportReporter -->
<testsuite hostname="DESKTOP-3OF9PN3" failures="0" tests="1" name="com.oib.automation.TC006_Admin_ViewTypesDelete" time="21.698" errors="0" timestamp="3 Mar 2023 10:15:06 GMT">
  <testcase classname="com.oib.automation.TC006_Admin_ViewTypesDelete" name="viewacctype_delete" time="21.698"/>
</testsuite> <!-- com.oib.automation.TC006_Admin_ViewTypesDelete -->
