<?xml version="1.0" encoding="UTF-8"?>
<!-- Generated by org.testng.reporters.JUnitReportReporter -->
<testsuite hostname="DESKTOP-3OF9PN3" failures="0" tests="1" name="com.oib.automation.TC006_Admin_ViewAccType" time="19.675" errors="0" timestamp="2 Mar 2023 17:16:53 GMT">
  <testcase classname="com.oib.automation.TC006_Admin_ViewAccType" name="viewacctype" time="19.675"/>
</testsuite> <!-- com.oib.automation.TC006_Admin_ViewAccType -->
