<?xml version="1.0" encoding="UTF-8"?>
<!-- Generated by org.testng.reporters.JUnitReportReporter -->
<testsuite hostname="DESKTOP-3OF9PN3" failures="0" tests="1" name="com.oib.automation.TC001_AdminLogin" time="13.981" errors="0" timestamp="29 Mar 2023 13:53:05 GMT">
  <testcase classname="com.oib.automation.TC001_AdminLogin" name="login" time="13.981"/>
</testsuite> <!-- com.oib.automation.TC001_AdminLogin -->
