<?xml version="1.0" encoding="UTF-8"?>
<!-- Generated by org.testng.reporters.JUnitReportReporter -->
<testsuite hostname="DESKTOP-3OF9PN3" failures="0" tests="1" name="com.oib.automation.TC010_Admin_ViewBraches" time="19.592" errors="0" timestamp="2 Mar 2023 17:34:55 GMT">
  <testcase classname="com.oib.automation.TC010_Admin_ViewBraches" name="viewbranch" time="19.592"/>
</testsuite> <!-- com.oib.automation.TC010_Admin_ViewBraches -->
