<?xml version="1.0" encoding="UTF-8"?>
<!-- Generated by org.testng.reporters.JUnitReportReporter -->
<testsuite hostname="DESKTOP-3OF9PN3" failures="0" tests="1" name="com.oib.automation.TC026_Employee_Verify_WelcomeText" time="13.911" errors="0" timestamp="3 Mar 2023 10:15:06 GMT">
  <testcase classname="com.oib.automation.TC026_Employee_Verify_WelcomeText" name="welcome_verify" time="13.911"/>
</testsuite> <!-- com.oib.automation.TC026_Employee_Verify_WelcomeText -->
