<?xml version="1.0" encoding="UTF-8"?>
<!-- Generated by org.testng.reporters.JUnitReportReporter -->
<testsuite hostname="DESKTOP-3OF9PN3" failures="0" tests="1" name="com.oib.automation.TC015_Admin_EmployeeReg" time="64.650" errors="0" timestamp="3 Mar 2023 10:15:06 GMT">
  <testcase classname="com.oib.automation.TC015_Admin_EmployeeReg" name="emp_reg" time="64.650"/>
</testsuite> <!-- com.oib.automation.TC015_Admin_EmployeeReg -->
