<?xml version="1.0" encoding="UTF-8"?>
<!-- Generated by org.testng.reporters.JUnitReportReporter -->
<testsuite hostname="DESKTOP-3OF9PN3" failures="0" tests="1" name="com.oib.automation.TC024_Employee_Login" time="14.349" errors="0" timestamp="3 Mar 2023 10:15:06 GMT">
  <testcase classname="com.oib.automation.TC024_Employee_Login" name="login" time="14.349"/>
</testsuite> <!-- com.oib.automation.TC024_Employee_Login -->
