<?xml version="1.0" encoding="UTF-8"?>
<!-- Generated by org.testng.reporters.JUnitReportReporter -->
<testsuite hostname="DESKTOP-3OF9PN3" failures="0" tests="1" name="com.oib.automation.TC020_Admin_ViewCustomer_Transactions" time="42.555" errors="0" timestamp="3 Mar 2023 10:15:06 GMT">
  <testcase classname="com.oib.automation.TC020_Admin_ViewCustomer_Transactions" name="customer_transaction" time="42.555"/>
</testsuite> <!-- com.oib.automation.TC020_Admin_ViewCustomer_Transactions -->
